{
  "RSpec": {
    "coverage": {
      "/Users/zimmja/Desktop/MAKERS/Week04/bookmark_manager/spec/bookmark_spec.rb": {
        "lines": [
          null,
          null,
          1,
          null,
          1,
          1,
          null,
          null,
          null,
          null,
          null,
          null,
          1,
          1,
          0,
          0,
          0,
          0,
          null,
          0,
          0,
          null,
          null,
          null
        ]
      },
      "/Users/zimmja/Desktop/MAKERS/Week04/bookmark_manager/spec/features/features_spec.rb": {
        "lines": [
          null,
          null,
          1,
          1,
          null,
          1,
          1,
          0,
          0,
          null,
          null,
          null
        ]
      }
    },
    "timestamp": 1636562857
  }
}
